{"/Users/dmytro_pavlov/Documents/projects/personal/backend-course/src/app.ts": {"path":"/Users/dmytro_pavlov/Documents/projects/personal/backend-course/src/app.ts","statementMap":{"0":{"start":{"line":1,"column":0},"end":{"line":1,"column":30}},"1":{"start":{"line":2,"column":0},"end":{"line":2,"column":66}},"2":{"start":{"line":3,"column":0},"end":{"line":3,"column":34}},"3":{"start":{"line":4,"column":0},"end":{"line":4,"column":68}},"4":{"start":{"line":6,"column":13},"end":{"line":6,"column":29}},"5":{"start":{"line":8,"column":16},"end":{"line":8,"column":34}},"6":{"start":{"line":9,"column":21},"end":{"line":9,"column":49}},"7":{"start":{"line":10,"column":23},"end":{"line":10,"column":52}},"8":{"start":{"line":12,"column":0},"end":{"line":12,"column":24}},"9":{"start":{"line":14,"column":0},"end":{"line":14,"column":43}},"10":{"start":{"line":15,"column":0},"end":{"line":15,"column":40}}},"fnMap":{},"branchMap":{},"s":{"0":1,"1":1,"2":1,"3":1,"4":1,"5":1,"6":1,"7":1,"8":1,"9":1,"10":1},"f":{},"b":{}}
,"/Users/dmytro_pavlov/Documents/projects/personal/backend-course/src/db.ts": {"path":"/Users/dmytro_pavlov/Documents/projects/personal/backend-course/src/db.ts","statementMap":{"0":{"start":{"line":3,"column":14},"end":{"line":12,"column":null}},"1":{"start":{"line":14,"column":26},"end":{"line":14,"column":28}},"2":{"start":{"line":16,"column":0},"end":{"line":16,"column":24}}},"fnMap":{},"branchMap":{},"s":{"0":1,"1":1,"2":1},"f":{},"b":{}}
,"/Users/dmytro_pavlov/Documents/projects/personal/backend-course/src/config/index.ts": {"path":"/Users/dmytro_pavlov/Documents/projects/personal/backend-course/src/config/index.ts","statementMap":{"0":{"start":{"line":1,"column":0},"end":{"line":1,"column":28}},"1":{"start":{"line":2,"column":0},"end":{"line":2,"column":16}},"2":{"start":{"line":4,"column":13},"end":{"line":10,"column":null}}},"fnMap":{},"branchMap":{"0":{"loc":{"start":{"line":5,"column":10},"end":{"line":5,"column":34}},"type":"binary-expr","locations":[{"start":{"line":5,"column":10},"end":{"line":5,"column":26}},{"start":{"line":5,"column":30},"end":{"line":5,"column":34}}]}},"s":{"0":1,"1":1,"2":1},"f":{},"b":{"0":[1,1]}}
,"/Users/dmytro_pavlov/Documents/projects/personal/backend-course/src/controllers/testingController.ts": {"path":"/Users/dmytro_pavlov/Documents/projects/personal/backend-course/src/controllers/testingController.ts","statementMap":{"0":{"start":{"line":1,"column":0},"end":{"line":1,"column":52}},"1":{"start":{"line":2,"column":0},"end":{"line":2,"column":29}},"2":{"start":{"line":4,"column":13},"end":{"line":4,"column":42}},"3":{"start":{"line":6,"column":0},"end":{"line":10,"column":null}},"4":{"start":{"line":6,"column":76},"end":{"line":10,"column":2}},"5":{"start":{"line":7,"column":4},"end":{"line":7,"column":23}},"6":{"start":{"line":9,"column":4},"end":{"line":9,"column":31}}},"fnMap":{"0":{"name":"(anonymous_8)","decl":{"start":{"line":6,"column":38},"end":{"line":6,"column":45}},"loc":{"start":{"line":6,"column":76},"end":{"line":10,"column":2}}},"1":{"name":"(anonymous_9)","decl":{"start":{"line":6,"column":76},"end":{"line":6,"column":null}},"loc":{"start":{"line":6,"column":76},"end":{"line":10,"column":1}}}},"branchMap":{},"s":{"0":1,"1":1,"2":1,"3":1,"4":0,"5":0,"6":0},"f":{"0":0,"1":0},"b":{}}
,"/Users/dmytro_pavlov/Documents/projects/personal/backend-course/src/controllers/videosController.ts": {"path":"/Users/dmytro_pavlov/Documents/projects/personal/backend-course/src/controllers/videosController.ts","statementMap":{"0":{"start":{"line":1,"column":0},"end":{"line":1,"column":52}},"1":{"start":{"line":2,"column":0},"end":{"line":2,"column":29}},"2":{"start":{"line":3,"column":0},"end":{"line":3,"column":85}},"3":{"start":{"line":4,"column":0},"end":{"line":4,"column":75}},"4":{"start":{"line":6,"column":0},"end":{"line":6,"column":79}},"5":{"start":{"line":9,"column":0},"end":{"line":9,"column":85}},"6":{"start":{"line":11,"column":14},"end":{"line":11,"column":15}},"7":{"start":{"line":13,"column":13},"end":{"line":13,"column":41}},"8":{"start":{"line":15,"column":0},"end":{"line":17,"column":null}},"9":{"start":{"line":15,"column":64},"end":{"line":17,"column":2}},"10":{"start":{"line":16,"column":4},"end":{"line":16,"column":30}},"11":{"start":{"line":19,"column":0},"end":{"line":28,"column":null}},"12":{"start":{"line":19,"column":145},"end":{"line":28,"column":2}},"13":{"start":{"line":20,"column":19},"end":{"line":20,"column":29}},"14":{"start":{"line":21,"column":18},"end":{"line":21,"column":65}},"15":{"start":{"line":21,"column":41},"end":{"line":21,"column":64}},"16":{"start":{"line":23,"column":4},"end":{"line":25,"column":5}},"17":{"start":{"line":24,"column":8},"end":{"line":24,"column":35}},"18":{"start":{"line":27,"column":4},"end":{"line":27,"column":27}},"19":{"start":{"line":30,"column":0},"end":{"line":46,"column":null}},"20":{"start":{"line":30,"column":151},"end":{"line":46,"column":2}},"21":{"start":{"line":31,"column":17},"end":{"line":31,"column":25}},"22":{"start":{"line":32,"column":30},"end":{"line":41,"column":null}},"23":{"start":{"line":43,"column":4},"end":{"line":43,"column":null}},"24":{"start":{"line":45,"column":4},"end":{"line":45,"column":44}},"25":{"start":{"line":48,"column":0},"end":{"line":64,"column":null}},"26":{"start":{"line":48,"column":171},"end":{"line":64,"column":2}},"27":{"start":{"line":49,"column":18},"end":{"line":49,"column":76}},"28":{"start":{"line":49,"column":41},"end":{"line":49,"column":75}},"29":{"start":{"line":50,"column":4},"end":{"line":52,"column":5}},"30":{"start":{"line":51,"column":8},"end":{"line":51,"column":35}},"31":{"start":{"line":54,"column":33},"end":{"line":54,"column":41}},"32":{"start":{"line":55,"column":18},"end":{"line":55,"column":59}},"33":{"start":{"line":57,"column":4},"end":{"line":61,"column":null}},"34":{"start":{"line":58,"column":8},"end":{"line":60,"column":9}},"35":{"start":{"line":59,"column":12},"end":{"line":59,"column":null}},"36":{"start":{"line":63,"column":4},"end":{"line":63,"column":31}},"37":{"start":{"line":66,"column":0},"end":{"line":76,"column":null}},"38":{"start":{"line":66,"column":141},"end":{"line":76,"column":2}},"39":{"start":{"line":67,"column":18},"end":{"line":67,"column":76}},"40":{"start":{"line":67,"column":41},"end":{"line":67,"column":75}},"41":{"start":{"line":68,"column":4},"end":{"line":70,"column":5}},"42":{"start":{"line":69,"column":8},"end":{"line":69,"column":35}},"43":{"start":{"line":72,"column":28},"end":{"line":72,"column":91}},"44":{"start":{"line":72,"column":56},"end":{"line":72,"column":90}},"45":{"start":{"line":73,"column":4},"end":{"line":73,"column":40}},"46":{"start":{"line":75,"column":4},"end":{"line":75,"column":31}}},"fnMap":{"0":{"name":"(anonymous_8)","decl":{"start":{"line":15,"column":26},"end":{"line":15,"column":33}},"loc":{"start":{"line":15,"column":64},"end":{"line":17,"column":2}}},"1":{"name":"(anonymous_9)","decl":{"start":{"line":15,"column":64},"end":{"line":15,"column":null}},"loc":{"start":{"line":15,"column":64},"end":{"line":17,"column":1}}},"2":{"name":"(anonymous_10)","decl":{"start":{"line":19,"column":77},"end":{"line":19,"column":84}},"loc":{"start":{"line":19,"column":145},"end":{"line":28,"column":2}}},"3":{"name":"(anonymous_11)","decl":{"start":{"line":19,"column":145},"end":{"line":19,"column":null}},"loc":{"start":{"line":19,"column":145},"end":{"line":28,"column":1}}},"4":{"name":"(anonymous_12)","decl":{"start":{"line":21,"column":32},"end":{"line":21,"column":37}},"loc":{"start":{"line":21,"column":41},"end":{"line":21,"column":64}}},"5":{"name":"(anonymous_13)","decl":{"start":{"line":30,"column":78},"end":{"line":30,"column":85}},"loc":{"start":{"line":30,"column":151},"end":{"line":46,"column":2}}},"6":{"name":"(anonymous_14)","decl":{"start":{"line":30,"column":151},"end":{"line":30,"column":null}},"loc":{"start":{"line":30,"column":151},"end":{"line":46,"column":1}}},"7":{"name":"(anonymous_15)","decl":{"start":{"line":48,"column":80},"end":{"line":48,"column":87}},"loc":{"start":{"line":48,"column":171},"end":{"line":64,"column":2}}},"8":{"name":"(anonymous_16)","decl":{"start":{"line":48,"column":171},"end":{"line":48,"column":null}},"loc":{"start":{"line":48,"column":171},"end":{"line":64,"column":1}}},"9":{"name":"(anonymous_17)","decl":{"start":{"line":49,"column":32},"end":{"line":49,"column":37}},"loc":{"start":{"line":49,"column":41},"end":{"line":49,"column":75}}},"10":{"name":"(anonymous_18)","decl":{"start":{"line":57,"column":21},"end":{"line":57,"column":22}},"loc":{"start":{"line":57,"column":38},"end":{"line":61,"column":5}}},"11":{"name":"(anonymous_19)","decl":{"start":{"line":66,"column":80},"end":{"line":66,"column":87}},"loc":{"start":{"line":66,"column":141},"end":{"line":76,"column":2}}},"12":{"name":"(anonymous_20)","decl":{"start":{"line":66,"column":141},"end":{"line":66,"column":null}},"loc":{"start":{"line":66,"column":141},"end":{"line":76,"column":1}}},"13":{"name":"(anonymous_21)","decl":{"start":{"line":67,"column":32},"end":{"line":67,"column":37}},"loc":{"start":{"line":67,"column":41},"end":{"line":67,"column":75}}},"14":{"name":"(anonymous_22)","decl":{"start":{"line":72,"column":47},"end":{"line":72,"column":52}},"loc":{"start":{"line":72,"column":56},"end":{"line":72,"column":90}}}},"branchMap":{"0":{"loc":{"start":{"line":23,"column":4},"end":{"line":25,"column":5}},"type":"if","locations":[{"start":{"line":23,"column":4},"end":{"line":25,"column":5}}]},"1":{"loc":{"start":{"line":40,"column":30},"end":{"line":40,"column":63}},"type":"cond-expr","locations":[{"start":{"line":40,"column":55},"end":{"line":40,"column":59}},{"start":{"line":40,"column":59},"end":{"line":40,"column":63}}]},"2":{"loc":{"start":{"line":40,"column":30},"end":{"line":40,"column":59}},"type":"binary-expr","locations":[{"start":{"line":40,"column":30},"end":{"line":40,"column":59}},{"start":{"line":40,"column":55},"end":{"line":40,"column":59}}]},"3":{"loc":{"start":{"line":50,"column":4},"end":{"line":52,"column":5}},"type":"if","locations":[{"start":{"line":50,"column":4},"end":{"line":52,"column":5}}]},"4":{"loc":{"start":{"line":58,"column":8},"end":{"line":60,"column":9}},"type":"if","locations":[{"start":{"line":58,"column":8},"end":{"line":60,"column":9}}]},"5":{"loc":{"start":{"line":68,"column":4},"end":{"line":70,"column":5}},"type":"if","locations":[{"start":{"line":68,"column":4},"end":{"line":70,"column":5}}]}},"s":{"0":1,"1":1,"2":1,"3":1,"4":1,"5":1,"6":1,"7":1,"8":1,"9":1,"10":1,"11":1,"12":0,"13":0,"14":0,"15":0,"16":0,"17":0,"18":0,"19":1,"20":1,"21":1,"22":1,"23":1,"24":1,"25":1,"26":0,"27":0,"28":0,"29":0,"30":0,"31":0,"32":0,"33":0,"34":0,"35":0,"36":0,"37":1,"38":0,"39":0,"40":0,"41":0,"42":0,"43":0,"44":0,"45":0,"46":0},"f":{"0":1,"1":1,"2":0,"3":0,"4":0,"5":1,"6":1,"7":0,"8":0,"9":0,"10":0,"11":0,"12":0,"13":0,"14":0},"b":{"0":[0],"1":[0,1],"2":[1,0],"3":[0],"4":[0],"5":[0]}}
,"/Users/dmytro_pavlov/Documents/projects/personal/backend-course/src/middlewares/validationMiddleware.ts": {"path":"/Users/dmytro_pavlov/Documents/projects/personal/backend-course/src/middlewares/validationMiddleware.ts","statementMap":{"0":{"start":{"line":4,"column":36},"end":{"line":68,"column":1}},"1":{"start":{"line":5,"column":4},"end":{"line":67,"column":null}},"2":{"start":{"line":6,"column":37},"end":{"line":6,"column":39}},"3":{"start":{"line":8,"column":8},"end":{"line":49,"column":9}},"4":{"start":{"line":9,"column":12},"end":{"line":48,"column":13}},"5":{"start":{"line":10,"column":30},"end":{"line":10,"column":43}},"6":{"start":{"line":11,"column":30},"end":{"line":11,"column":45}},"7":{"start":{"line":13,"column":16},"end":{"line":15,"column":17}},"8":{"start":{"line":14,"column":20},"end":{"line":14,"column":73}},"9":{"start":{"line":18,"column":16},"end":{"line":18,"column":68}},"10":{"start":{"line":18,"column":59},"end":{"line":18,"column":68}},"11":{"start":{"line":20,"column":16},"end":{"line":39,"column":17}},"12":{"start":{"line":21,"column":20},"end":{"line":24,"column":21}},"13":{"start":{"line":22,"column":24},"end":{"line":22,"column":82}},"14":{"start":{"line":23,"column":24},"end":{"line":23,"column":30}},"15":{"start":{"line":26,"column":20},"end":{"line":28,"column":21}},"16":{"start":{"line":27,"column":24},"end":{"line":27,"column":110}},"17":{"start":{"line":30,"column":20},"end":{"line":36,"column":21}},"18":{"start":{"line":31,"column":24},"end":{"line":35,"column":25}},"19":{"start":{"line":32,"column":28},"end":{"line":34,"column":29}},"20":{"start":{"line":33,"column":32},"end":{"line":33,"column":112}},"21":{"start":{"line":38,"column":20},"end":{"line":38,"column":29}},"22":{"start":{"line":41,"column":16},"end":{"line":43,"column":17}},"23":{"start":{"line":42,"column":20},"end":{"line":42,"column":90}},"24":{"start":{"line":45,"column":16},"end":{"line":47,"column":17}},"25":{"start":{"line":46,"column":20},"end":{"line":46,"column":107}},"26":{"start":{"line":51,"column":8},"end":{"line":60,"column":9}},"27":{"start":{"line":52,"column":12},"end":{"line":59,"column":13}},"28":{"start":{"line":53,"column":30},"end":{"line":53,"column":43}},"29":{"start":{"line":54,"column":30},"end":{"line":54,"column":47}},"30":{"start":{"line":56,"column":16},"end":{"line":58,"column":17}},"31":{"start":{"line":57,"column":20},"end":{"line":57,"column":84}},"32":{"start":{"line":62,"column":8},"end":{"line":64,"column":9}},"33":{"start":{"line":63,"column":12},"end":{"line":63,"column":68}},"34":{"start":{"line":66,"column":8},"end":{"line":66,"column":15}},"35":{"start":{"line":4,"column":13},"end":{"line":4,"column":36}}},"fnMap":{"0":{"name":"(anonymous_0)","decl":{"start":{"line":4,"column":36},"end":{"line":4,"column":37}},"loc":{"start":{"line":4,"column":52},"end":{"line":68,"column":1}}},"1":{"name":"(anonymous_1)","decl":{"start":{"line":5,"column":11},"end":{"line":5,"column":12}},"loc":{"start":{"line":5,"column":68},"end":{"line":67,"column":5}}}},"branchMap":{"0":{"loc":{"start":{"line":8,"column":8},"end":{"line":49,"column":9}},"type":"if","locations":[{"start":{"line":8,"column":8},"end":{"line":49,"column":9}}]},"1":{"loc":{"start":{"line":13,"column":16},"end":{"line":15,"column":17}},"type":"if","locations":[{"start":{"line":13,"column":16},"end":{"line":15,"column":17}}]},"2":{"loc":{"start":{"line":13,"column":20},"end":{"line":13,"column":77}},"type":"binary-expr","locations":[{"start":{"line":13,"column":20},"end":{"line":13,"column":34}},{"start":{"line":13,"column":39},"end":{"line":13,"column":53}},{"start":{"line":13,"column":57},"end":{"line":13,"column":76}}]},"3":{"loc":{"start":{"line":18,"column":16},"end":{"line":18,"column":68}},"type":"if","locations":[{"start":{"line":18,"column":16},"end":{"line":18,"column":68}}]},"4":{"loc":{"start":{"line":18,"column":20},"end":{"line":18,"column":57}},"type":"binary-expr","locations":[{"start":{"line":18,"column":20},"end":{"line":18,"column":39}},{"start":{"line":18,"column":43},"end":{"line":18,"column":57}}]},"5":{"loc":{"start":{"line":20,"column":16},"end":{"line":39,"column":17}},"type":"if","locations":[{"start":{"line":20,"column":16},"end":{"line":39,"column":17}}]},"6":{"loc":{"start":{"line":21,"column":20},"end":{"line":24,"column":21}},"type":"if","locations":[{"start":{"line":21,"column":20},"end":{"line":24,"column":21}}]},"7":{"loc":{"start":{"line":26,"column":20},"end":{"line":28,"column":21}},"type":"if","locations":[{"start":{"line":26,"column":20},"end":{"line":28,"column":21}}]},"8":{"loc":{"start":{"line":26,"column":24},"end":{"line":26,"column":71}},"type":"binary-expr","locations":[{"start":{"line":26,"column":24},"end":{"line":26,"column":38}},{"start":{"line":26,"column":42},"end":{"line":26,"column":71}}]},"9":{"loc":{"start":{"line":30,"column":20},"end":{"line":36,"column":21}},"type":"if","locations":[{"start":{"line":30,"column":20},"end":{"line":36,"column":21}}]},"10":{"loc":{"start":{"line":30,"column":24},"end":{"line":30,"column":77}},"type":"binary-expr","locations":[{"start":{"line":30,"column":24},"end":{"line":30,"column":43}},{"start":{"line":30,"column":47},"end":{"line":30,"column":77}}]},"11":{"loc":{"start":{"line":32,"column":28},"end":{"line":34,"column":29}},"type":"if","locations":[{"start":{"line":32,"column":28},"end":{"line":34,"column":29}}]},"12":{"loc":{"start":{"line":41,"column":16},"end":{"line":43,"column":17}},"type":"if","locations":[{"start":{"line":41,"column":16},"end":{"line":43,"column":17}}]},"13":{"loc":{"start":{"line":45,"column":16},"end":{"line":47,"column":17}},"type":"if","locations":[{"start":{"line":45,"column":16},"end":{"line":47,"column":17}}]},"14":{"loc":{"start":{"line":45,"column":20},"end":{"line":45,"column":87}},"type":"binary-expr","locations":[{"start":{"line":45,"column":20},"end":{"line":45,"column":43}},{"start":{"line":45,"column":48},"end":{"line":45,"column":65}},{"start":{"line":45,"column":69},"end":{"line":45,"column":86}}]},"15":{"loc":{"start":{"line":51,"column":8},"end":{"line":60,"column":9}},"type":"if","locations":[{"start":{"line":51,"column":8},"end":{"line":60,"column":9}}]},"16":{"loc":{"start":{"line":56,"column":16},"end":{"line":58,"column":17}},"type":"if","locations":[{"start":{"line":56,"column":16},"end":{"line":58,"column":17}}]},"17":{"loc":{"start":{"line":56,"column":20},"end":{"line":56,"column":74}},"type":"binary-expr","locations":[{"start":{"line":56,"column":20},"end":{"line":56,"column":43}},{"start":{"line":56,"column":47},"end":{"line":56,"column":74}}]},"18":{"loc":{"start":{"line":62,"column":8},"end":{"line":64,"column":9}},"type":"if","locations":[{"start":{"line":62,"column":8},"end":{"line":64,"column":9}}]}},"s":{"0":1,"1":4,"2":1,"3":1,"4":1,"5":4,"6":4,"7":4,"8":0,"9":4,"10":2,"11":2,"12":0,"13":0,"14":0,"15":0,"16":0,"17":0,"18":0,"19":0,"20":0,"21":0,"22":2,"23":0,"24":2,"25":0,"26":1,"27":0,"28":0,"29":0,"30":0,"31":0,"32":1,"33":0,"34":1,"35":1},"f":{"0":4,"1":1},"b":{"0":[1],"1":[0],"2":[4,2,2],"3":[2],"4":[4,3],"5":[0],"6":[0],"7":[0],"8":[0,0],"9":[0],"10":[0,0],"11":[0],"12":[0],"13":[0],"14":[2,0,0],"15":[0],"16":[0],"17":[0,0],"18":[0]}}
,"/Users/dmytro_pavlov/Documents/projects/personal/backend-course/src/schemas/createVideoValidationSchema.ts": {"path":"/Users/dmytro_pavlov/Documents/projects/personal/backend-course/src/schemas/createVideoValidationSchema.ts","statementMap":{"0":{"start":{"line":1,"column":0},"end":{"line":1,"column":44}},"1":{"start":{"line":3,"column":13},"end":{"line":13,"column":null}}},"fnMap":{},"branchMap":{},"s":{"0":1,"1":1},"f":{},"b":{}}
,"/Users/dmytro_pavlov/Documents/projects/personal/backend-course/src/schemas/getVideoValidationSchema.ts": {"path":"/Users/dmytro_pavlov/Documents/projects/personal/backend-course/src/schemas/getVideoValidationSchema.ts","statementMap":{"0":{"start":{"line":1,"column":13},"end":{"line":4,"column":null}}},"fnMap":{},"branchMap":{},"s":{"0":1},"f":{},"b":{}}
,"/Users/dmytro_pavlov/Documents/projects/personal/backend-course/src/schemas/updateVideoValidationSchema.ts": {"path":"/Users/dmytro_pavlov/Documents/projects/personal/backend-course/src/schemas/updateVideoValidationSchema.ts","statementMap":{"0":{"start":{"line":1,"column":0},"end":{"line":1,"column":44}},"1":{"start":{"line":3,"column":13},"end":{"line":16,"column":null}}},"fnMap":{},"branchMap":{},"s":{"0":1,"1":1},"f":{},"b":{}}
,"/Users/dmytro_pavlov/Documents/projects/personal/backend-course/src/types/index.ts": {"path":"/Users/dmytro_pavlov/Documents/projects/personal/backend-course/src/types/index.ts","statementMap":{"0":{"start":{"line":28,"column":0},"end":{"line":28,"column":null}},"1":{"start":{"line":29,"column":4},"end":{"line":29,"column":null}},"2":{"start":{"line":30,"column":4},"end":{"line":30,"column":null}},"3":{"start":{"line":31,"column":4},"end":{"line":31,"column":null}},"4":{"start":{"line":32,"column":4},"end":{"line":32,"column":null}},"5":{"start":{"line":33,"column":4},"end":{"line":33,"column":null}},"6":{"start":{"line":34,"column":4},"end":{"line":34,"column":null}},"7":{"start":{"line":35,"column":4},"end":{"line":35,"column":null}},"8":{"start":{"line":36,"column":4},"end":{"line":36,"column":null}}},"fnMap":{"0":{"name":"(anonymous_0)","decl":{"start":{"line":28,"column":0},"end":{"line":28,"column":12}},"loc":{"start":{"line":28,"column":28},"end":{"line":37,"column":1}}}},"branchMap":{"0":{"loc":{"start":{"line":28,"column":12},"end":{"line":28,"column":null}},"type":"binary-expr","locations":[{"start":{"line":28,"column":12},"end":{"line":28,"column":28}},{"start":{"line":28,"column":28},"end":{"line":28,"column":null}}]}},"s":{"0":1,"1":1,"2":1,"3":1,"4":1,"5":1,"6":1,"7":1,"8":1},"f":{"0":1},"b":{"0":[1,1]}}
}
