TN:
SF:src/app.ts
FNF:0
FNH:0
DA:1,1
DA:2,1
DA:3,1
DA:4,1
DA:6,1
DA:8,1
DA:9,1
DA:10,1
DA:12,1
DA:14,1
DA:15,1
LF:11
LH:11
BRF:0
BRH:0
end_of_record
TN:
SF:src/db.ts
FNF:0
FNH:0
DA:3,1
DA:14,1
DA:16,1
LF:3
LH:3
BRF:0
BRH:0
end_of_record
TN:
SF:src/config/index.ts
FNF:0
FNH:0
DA:1,1
DA:2,1
DA:4,1
LF:3
LH:3
BRDA:5,0,0,1
BRDA:5,0,1,1
BRF:2
BRH:2
end_of_record
TN:
SF:src/controllers/testingController.ts
FN:6,(anonymous_8)
FN:6,(anonymous_9)
FNF:2
FNH:0
FNDA:0,(anonymous_8)
FNDA:0,(anonymous_9)
DA:1,1
DA:2,1
DA:4,1
DA:6,1
DA:7,0
DA:9,0
LF:6
LH:4
BRF:0
BRH:0
end_of_record
TN:
SF:src/controllers/videosController.ts
FN:15,(anonymous_8)
FN:15,(anonymous_9)
FN:19,(anonymous_10)
FN:19,(anonymous_11)
FN:21,(anonymous_12)
FN:30,(anonymous_13)
FN:30,(anonymous_14)
FN:48,(anonymous_15)
FN:48,(anonymous_16)
FN:49,(anonymous_17)
FN:57,(anonymous_18)
FN:66,(anonymous_19)
FN:66,(anonymous_20)
FN:67,(anonymous_21)
FN:72,(anonymous_22)
FNF:15
FNH:4
FNDA:1,(anonymous_8)
FNDA:1,(anonymous_9)
FNDA:0,(anonymous_10)
FNDA:0,(anonymous_11)
FNDA:0,(anonymous_12)
FNDA:1,(anonymous_13)
FNDA:1,(anonymous_14)
FNDA:0,(anonymous_15)
FNDA:0,(anonymous_16)
FNDA:0,(anonymous_17)
FNDA:0,(anonymous_18)
FNDA:0,(anonymous_19)
FNDA:0,(anonymous_20)
FNDA:0,(anonymous_21)
FNDA:0,(anonymous_22)
DA:1,1
DA:2,1
DA:3,1
DA:4,1
DA:6,1
DA:9,1
DA:11,1
DA:13,1
DA:15,1
DA:16,1
DA:19,1
DA:20,0
DA:21,0
DA:23,0
DA:24,0
DA:27,0
DA:30,1
DA:31,1
DA:32,1
DA:43,1
DA:45,1
DA:48,1
DA:49,0
DA:50,0
DA:51,0
DA:54,0
DA:55,0
DA:57,0
DA:58,0
DA:59,0
DA:63,0
DA:66,1
DA:67,0
DA:68,0
DA:69,0
DA:72,0
DA:73,0
DA:75,0
LF:38
LH:18
BRDA:23,0,0,0
BRDA:40,1,0,0
BRDA:40,1,1,1
BRDA:40,2,0,1
BRDA:40,2,1,0
BRDA:50,3,0,0
BRDA:58,4,0,0
BRDA:68,5,0,0
BRF:8
BRH:2
end_of_record
TN:
SF:src/middlewares/validationMiddleware.ts
FN:4,(anonymous_0)
FN:5,(anonymous_1)
FNF:2
FNH:2
FNDA:4,(anonymous_0)
FNDA:1,(anonymous_1)
DA:4,1
DA:5,4
DA:6,1
DA:8,1
DA:9,1
DA:10,4
DA:11,4
DA:13,4
DA:14,0
DA:18,4
DA:20,2
DA:21,0
DA:22,0
DA:23,0
DA:26,0
DA:27,0
DA:30,0
DA:31,0
DA:32,0
DA:33,0
DA:38,0
DA:41,2
DA:42,0
DA:45,2
DA:46,0
DA:51,1
DA:52,0
DA:53,0
DA:54,0
DA:56,0
DA:57,0
DA:62,1
DA:63,0
DA:66,1
LF:34
LH:15
BRDA:8,0,0,1
BRDA:13,1,0,0
BRDA:13,2,0,4
BRDA:13,2,1,2
BRDA:13,2,2,2
BRDA:18,3,0,2
BRDA:18,4,0,4
BRDA:18,4,1,3
BRDA:20,5,0,0
BRDA:21,6,0,0
BRDA:26,7,0,0
BRDA:26,8,0,0
BRDA:26,8,1,0
BRDA:30,9,0,0
BRDA:30,10,0,0
BRDA:30,10,1,0
BRDA:32,11,0,0
BRDA:41,12,0,0
BRDA:45,13,0,0
BRDA:45,14,0,2
BRDA:45,14,1,0
BRDA:45,14,2,0
BRDA:51,15,0,0
BRDA:56,16,0,0
BRDA:56,17,0,0
BRDA:56,17,1,0
BRDA:62,18,0,0
BRF:27
BRH:8
end_of_record
TN:
SF:src/schemas/createVideoValidationSchema.ts
FNF:0
FNH:0
DA:1,1
DA:3,1
LF:2
LH:2
BRF:0
BRH:0
end_of_record
TN:
SF:src/schemas/getVideoValidationSchema.ts
FNF:0
FNH:0
DA:1,1
LF:1
LH:1
BRF:0
BRH:0
end_of_record
TN:
SF:src/schemas/updateVideoValidationSchema.ts
FNF:0
FNH:0
DA:1,1
DA:3,1
LF:2
LH:2
BRF:0
BRH:0
end_of_record
TN:
SF:src/types/index.ts
FN:28,(anonymous_0)
FNF:1
FNH:1
FNDA:1,(anonymous_0)
DA:28,1
DA:29,1
DA:30,1
DA:31,1
DA:32,1
DA:33,1
DA:34,1
DA:35,1
DA:36,1
LF:9
LH:9
BRDA:28,0,0,1
BRDA:28,0,1,1
BRF:2
BRH:2
end_of_record
